<?xml version="1.0" encoding="UTF-8"?>
<!-- Generated by org.testng.reporters.JUnitXMLReporter -->
<testsuite ignored="0" hostname="LAPTOP-66IIMB5K" failures="0" tests="3" name="practice test" time="37.026" errors="0" timestamp="2025-03-02T17:50:44 IST">
  <testcase classname="org.setn.practice.SelectClass" name="clickRadioCheckboxButton" time="5.225"/>
  <testcase classname="org.setn.practice.SelectClass" name="getDropdownOptions" time="4.828"/>
  <testcase classname="org.setn.practice.SelectClass" name="selectDropdown" time="5.314"/>
</testsuite> <!-- practice test -->
