<?xml version="1.0" encoding="UTF-8"?>
<testsuite xmlns:xsi="http://www.w3.org/2001/XMLSchema-instance" xsi:noNamespaceSchemaLocation="https://maven.apache.org/surefire/maven-surefire-plugin/xsd/surefire-test-report.xsd" version="3.0.2" name="TestSuite" time="37.527" tests="3" errors="0" skipped="0" failures="0">
  <properties>
[...]
</properties>
  <testcase name="clickRadioCheckboxButton" classname="org.setn.practice.SelectClass" time="5.224">
    <system-out><![CDATA[2025-03-02T12:20:07.309670100Z main ERROR Log4j2 could not find a logging implementation. Please add log4j-core to the classpath. Using SimpleLogger to log to the console...
Clicked element
Clicked element
Clicked element
]]></system-out>
  </testcase>
  <testcase name="getDropdownOptions" classname="org.setn.practice.SelectClass" time="4.83">
    <system-out><![CDATA[[Audi, BMW, Ford, Honda, Jeep, Mercedes, Suzuki, Volkswagen]
]]></system-out>
  </testcase>
  <testcase name="selectDropdown" classname="org.setn.practice.SelectClass" time="5.314"/>
</testsuite>