<?xml version="1.0" encoding="UTF-8"?>
<testng-results ignored="0" total="3" passed="3" failed="0" skipped="0">
  <reporter-output>
  </reporter-output>
  <suite started-at="2025-03-02T17:50:07 IST" name="Practice" finished-at="2025-03-02T17:50:44 IST" duration-ms="37026">
    <groups>
    </groups>
    <test started-at="2025-03-02T17:50:07 IST" name="practice test" finished-at="2025-03-02T17:50:44 IST" duration-ms="37026">
      <class name="org.setn.practice.SelectClass">
        <test-method is-config="true" signature="beforeTest(java.lang.String,java.lang.String)[pri:0, instance:org.setn.practice.SelectClass@40cb8df7]" started-at="2025-03-02T17:50:07 IST" name="beforeTest" finished-at="2025-03-02T17:50:17 IST" duration-ms="9384" status="PASS">
          <params>
            <param index="0">
              <value>
                <![CDATA[firefox]]>
              </value>
            </param>
            <param index="1">
              <value>
                <![CDATA[https://www.automationtesting.co.uk/index.html]]>
              </value>
            </param>
          </params>
          <reporter-output>
          </reporter-output>
        </test-method> <!-- beforeTest -->
        <test-method signature="clickRadioCheckboxButton()[pri:0, instance:org.setn.practice.SelectClass@40cb8df7]" started-at="2025-03-02T17:50:17 IST" name="clickRadioCheckboxButton" finished-at="2025-03-02T17:50:22 IST" duration-ms="5225" status="PASS">
          <reporter-output>
          </reporter-output>
        </test-method> <!-- clickRadioCheckboxButton -->
        <test-method is-config="true" signature="afterTest()[pri:0, instance:org.setn.practice.SelectClass@40cb8df7]" started-at="2025-03-02T17:50:22 IST" name="afterTest" finished-at="2025-03-02T17:50:22 IST" duration-ms="688" status="PASS">
          <reporter-output>
          </reporter-output>
        </test-method> <!-- afterTest -->
        <test-method is-config="true" signature="beforeTest(java.lang.String,java.lang.String)[pri:0, instance:org.setn.practice.SelectClass@40cb8df7]" started-at="2025-03-02T17:50:22 IST" name="beforeTest" finished-at="2025-03-02T17:50:28 IST" duration-ms="5264" status="PASS">
          <params>
            <param index="0">
              <value>
                <![CDATA[firefox]]>
              </value>
            </param>
            <param index="1">
              <value>
                <![CDATA[https://www.automationtesting.co.uk/index.html]]>
              </value>
            </param>
          </params>
          <reporter-output>
          </reporter-output>
        </test-method> <!-- beforeTest -->
        <test-method signature="getDropdownOptions()[pri:0, instance:org.setn.practice.SelectClass@40cb8df7]" started-at="2025-03-02T17:50:28 IST" name="getDropdownOptions" finished-at="2025-03-02T17:50:33 IST" duration-ms="4828" status="PASS">
          <reporter-output>
          </reporter-output>
        </test-method> <!-- getDropdownOptions -->
        <test-method is-config="true" signature="afterTest()[pri:0, instance:org.setn.practice.SelectClass@40cb8df7]" started-at="2025-03-02T17:50:33 IST" name="afterTest" finished-at="2025-03-02T17:50:33 IST" duration-ms="621" status="PASS">
          <reporter-output>
          </reporter-output>
        </test-method> <!-- afterTest -->
        <test-method is-config="true" signature="beforeTest(java.lang.String,java.lang.String)[pri:0, instance:org.setn.practice.SelectClass@40cb8df7]" started-at="2025-03-02T17:50:33 IST" name="beforeTest" finished-at="2025-03-02T17:50:38 IST" duration-ms="5056" status="PASS">
          <params>
            <param index="0">
              <value>
                <![CDATA[firefox]]>
              </value>
            </param>
            <param index="1">
              <value>
                <![CDATA[https://www.automationtesting.co.uk/index.html]]>
              </value>
            </param>
          </params>
          <reporter-output>
          </reporter-output>
        </test-method> <!-- beforeTest -->
        <test-method signature="selectDropdown()[pri:0, instance:org.setn.practice.SelectClass@40cb8df7]" started-at="2025-03-02T17:50:38 IST" name="selectDropdown" finished-at="2025-03-02T17:50:44 IST" duration-ms="5314" status="PASS">
          <reporter-output>
          </reporter-output>
        </test-method> <!-- selectDropdown -->
        <test-method is-config="true" signature="afterTest()[pri:0, instance:org.setn.practice.SelectClass@40cb8df7]" started-at="2025-03-02T17:50:44 IST" name="afterTest" finished-at="2025-03-02T17:50:44 IST" duration-ms="616" status="PASS">
          <reporter-output>
          </reporter-output>
        </test-method> <!-- afterTest -->
      </class> <!-- org.setn.practice.SelectClass -->
    </test> <!-- practice test -->
  </suite> <!-- Practice -->
</testng-results>
